#
# There is insufficient memory for the Java Runtime Environment to continue.
# Native memory allocation (malloc) failed to allocate 1048576 bytes for AllocateHeap
# Possible reasons:
#   The system is out of physical RAM or swap space
#   The process is running with CompressedOops enabled, and the Java Heap may be blocking the growth of the native heap
# Possible solutions:
#   Reduce memory load on the system
#   Increase physical memory or swap space
#   Check if swap backing store is full
#   Decrease Java heap size (-Xmx/-Xms)
#   Decrease number of Java threads
#   Decrease Java thread stack sizes (-Xss)
#   Set larger code cache with -XX:ReservedCodeCacheSize=
#   JVM is running with Unscaled Compressed Oops mode in which the Java heap is
#     placed in the first 4GB address space. The Java Heap base address is the
#     maximum limit for the native heap growth. Please use -XX:HeapBaseMinAddress
#     to set the Java Heap base and to place the Java Heap above 4GB virtual address.
# This output file may be truncated or incomplete.
#
#  Out of Memory Error (allocation.cpp:44), pid=5088, tid=13716
#
# JRE version:  (20.0+36) (build )
# Java VM: Java HotSpot(TM) 64-Bit Server VM (20+36-2344, mixed mode, sharing, tiered, compressed oops, compressed class ptrs, g1 gc, windows-amd64)
# No core dump will be written. Minidumps are not enabled by default on client versions of Windows
#

---------------  S U M M A R Y ------------

Command Line: -Dfile.encoding=UTF-8 --module-path=C:\t3\CicloWhile\build\classes ciclowhile.CicloWhile

Host: 12th Gen Intel(R) Core(TM) i7-12700, 20 cores, 31G,  Windows 10 , 64 bit Build 19041 (10.0.19041.1889)
Time: Thu Apr 25 12:04:04 2024 Hora est. Pacífico, Sudamérica elapsed time: 0.011231 seconds (0d 0h 0m 0s)

---------------  T H R E A D  ---------------

Current thread (0x000001f96c4e4f50):  JavaThread "Unknown thread" [_thread_in_vm, id=13716, stack(0x0000009558e00000,0x0000009558f00000)]

Stack: [0x0000009558e00000,0x0000009558f00000]
Native frames: (J=compiled Java code, j=interpreted, Vv=VM code, C=native code)
V  [jvm.dll+0x6bb95a]
V  [jvm.dll+0x8483aa]
V  [jvm.dll+0x849fa5]
V  [jvm.dll+0x84a6a3]
V  [jvm.dll+0x280b0f]
V  [jvm.dll+0xbcec5]
V  [jvm.dll+0x329165]
V  [jvm.dll+0x81103a]
V  [jvm.dll+0x3c0d91]
V  [jvm.dll+0x7fcd93]
V  [jvm.dll+0x44c76f]
V  [jvm.dll+0x44e0e1]
C  [jli.dll+0x5287]
C  [ucrtbase.dll+0x21bb2]
C  [KERNEL32.DLL+0x17034]
C  [ntdll.dll+0x52651]


---------------  P R O C E S S  ---------------

Threads class SMR info:
_java_thread_list=0x00007ff9f55da098, length=0, elements={
}

Java Threads: ( => current thread )

Other Threads:

=>0x000001f96c4e4f50 (exited) JavaThread "Unknown thread" [_thread_in_vm, id=13716, stack(0x0000009558e00000,0x0000009558f00000)]

Threads with active compile tasks:

VM state: not at safepoint (not fully initialized)

VM Mutex/Monitor currently owned by a thread: None

Heap address: 0x0000000000000000, size: 0 MB, Compressed Oops mode: 32-bit

CDS archive(s) mapped at: [0x0000000000000000-0x0000000000000000-0x0000000000000000), size 0, SharedBaseAddress: 0x0000000800000000, ArchiveRelocationMode: 0.
Narrow klass base: 0x0000000000000000, Narrow klass shift: 0, Narrow klass range: 0x0

GC Precious Log:
 CardTable entry size: 512
 Card Set container configuration: InlinePtr #cards 4 size 8 Array Of Cards #cards 32 size 80 Howl #buckets 8 coarsen threshold 7372 Howl Bitmap #cards 1024 size 144 coarsen threshold 921 Card regions per heap region 1 cards per card region 8192

GC Heap History (0 events):
No events

Dll operation events (1 events):
Event: 0.008 Loaded shared library C:\Program Files\Java\jdk-20\bin\java.dll

Deoptimization events (0 events):
No events

Classes loaded (0 events):
No events

Classes unloaded (0 events):
No events

Classes redefined (0 events):
No events

Internal exceptions (0 events):
No events

VM Operations (0 events):
No events

Events (0 events):
No events


Dynamic libraries:
0x00007ff7ce2b0000 - 0x00007ff7ce2c0000 	C:\Program Files\Java\jdk-20\bin\java.exe
0x00007ffa4e610000 - 0x00007ffa4e808000 	C:\Windows\SYSTEM32\ntdll.dll
0x00007ffa4d240000 - 0x00007ffa4d2fd000 	C:\Windows\System32\KERNEL32.DLL
0x00007ffa4c190000 - 0x00007ffa4c45e000 	C:\Windows\System32\KERNELBASE.dll
0x00007ffa4bda0000 - 0x00007ffa4bea0000 	C:\Windows\System32\ucrtbase.dll
0x00007ffa3ae10000 - 0x00007ffa3ae2b000 	C:\Program Files\Java\jdk-20\bin\VCRUNTIME140.dll
0x00007ffa193e0000 - 0x00007ffa193f9000 	C:\Program Files\Java\jdk-20\bin\jli.dll
0x00007ffa4c7b0000 - 0x00007ffa4c85e000 	C:\Windows\System32\ADVAPI32.dll
0x00007ffa4d300000 - 0x00007ffa4d39e000 	C:\Windows\System32\msvcrt.dll
0x00007ffa4cf00000 - 0x00007ffa4cf9c000 	C:\Windows\System32\sechost.dll
0x00007ffa4c680000 - 0x00007ffa4c7a5000 	C:\Windows\System32\RPCRT4.dll
0x00007ffa4d600000 - 0x00007ffa4d7a0000 	C:\Windows\System32\USER32.dll
0x00007ffa18ee0000 - 0x00007ffa1917a000 	C:\Windows\WinSxS\amd64_microsoft.windows.common-controls_6595b64144ccf1df_6.0.19041.1110_none_60b5254171f9507e\COMCTL32.dll
0x00007ffa4c460000 - 0x00007ffa4c482000 	C:\Windows\System32\win32u.dll
0x00007ffa4ced0000 - 0x00007ffa4cefa000 	C:\Windows\System32\GDI32.dll
0x00007ffa4bf30000 - 0x00007ffa4c03b000 	C:\Windows\System32\gdi32full.dll
0x00007ffa4c0f0000 - 0x00007ffa4c18d000 	C:\Windows\System32\msvcp_win.dll
0x00007ffa4b150000 - 0x00007ffa4b15a000 	C:\Windows\SYSTEM32\VERSION.dll
0x00007ffa4c860000 - 0x00007ffa4c890000 	C:\Windows\System32\IMM32.DLL
0x00007ffa4b930000 - 0x00007ffa4b9a2000 	C:\Windows\system32\guard64.dll
0x00007ffa4b710000 - 0x00007ffa4b8fc000 	C:\Windows\SYSTEM32\urlmon.dll
0x00007ffa4b6d0000 - 0x00007ffa4b6f8000 	C:\Windows\SYSTEM32\srvcli.dll
0x00007ffa4b410000 - 0x00007ffa4b6c1000 	C:\Windows\SYSTEM32\iertutil.dll
0x00007ffa4b700000 - 0x00007ffa4b70c000 	C:\Windows\SYSTEM32\netutils.dll
0x00007ffa4dff0000 - 0x00007ffa4e344000 	C:\Windows\System32\combase.dll
0x00007ffa4e400000 - 0x00007ffa4e4ad000 	C:\Windows\System32\shcore.dll
0x00007ffa4d4d0000 - 0x00007ffa4d5fa000 	C:\Windows\System32\ole32.dll
0x00007ffa4b9d0000 - 0x00007ffa4b9db000 	C:\Windows\system32\fltlib.dll
0x00007ffa4d880000 - 0x00007ffa4dfc4000 	C:\Windows\System32\shell32.dll
0x00007ffa3fb90000 - 0x00007ffa3fb9c000 	C:\Program Files\Java\jdk-20\bin\vcruntime140_1.dll
0x00007ff9f5970000 - 0x00007ff9f59fe000 	C:\Program Files\Java\jdk-20\bin\msvcp140.dll
0x00007ff9f4a80000 - 0x00007ff9f5717000 	C:\Program Files\Java\jdk-20\bin\server\jvm.dll
0x00007ffa33840000 - 0x00007ffa33849000 	C:\Windows\SYSTEM32\WSOCK32.dll
0x00007ffa4d3a0000 - 0x00007ffa4d40b000 	C:\Windows\System32\WS2_32.dll
0x00007ffa4b900000 - 0x00007ffa4b927000 	C:\Windows\SYSTEM32\WINMM.dll
0x00007ffa4a3b0000 - 0x00007ffa4a3c2000 	C:\Windows\SYSTEM32\kernel.appcore.dll
0x00007ffa3bb30000 - 0x00007ffa3bb3a000 	C:\Program Files\Java\jdk-20\bin\jimage.dll
0x00007ffa49330000 - 0x00007ffa49514000 	C:\Windows\SYSTEM32\DBGHELP.DLL
0x00007ffa35550000 - 0x00007ffa3557c000 	C:\Windows\SYSTEM32\dbgcore.DLL
0x00007ffa4bea0000 - 0x00007ffa4bf22000 	C:\Windows\System32\bcryptPrimitives.dll
0x00007ffa113f0000 - 0x00007ffa11416000 	C:\Program Files\Java\jdk-20\bin\java.dll

dbghelp: loaded successfully - version: 4.0.5 - missing functions: none
symbol engine: initialized successfully - sym options: 0x614 - pdb path: .;C:\Program Files\Java\jdk-20\bin;C:\Windows\SYSTEM32;C:\Windows\WinSxS\amd64_microsoft.windows.common-controls_6595b64144ccf1df_6.0.19041.1110_none_60b5254171f9507e;C:\Program Files\Java\jdk-20\bin\server

VM Arguments:
jvm_args: -Dfile.encoding=UTF-8 --module-path=C:\t3\CicloWhile\build\classes 
java_command: ciclowhile.CicloWhile
java_class_path (initial): C:\t3\CicloWhile\build\classes
Launcher Type: SUN_STANDARD

[Global flags]
     intx CICompilerCount                          = 12                                        {product} {ergonomic}
     uint ConcGCThreads                            = 4                                         {product} {ergonomic}
     uint G1ConcRefinementThreads                  = 15                                        {product} {ergonomic}
   size_t G1HeapRegionSize                         = 4194304                                   {product} {ergonomic}
    uintx GCDrainStackTargetSize                   = 64                                        {product} {ergonomic}
   size_t InitialHeapSize                          = 532676608                                 {product} {ergonomic}
   size_t MarkStackSize                            = 4194304                                   {product} {ergonomic}
   size_t MaxHeapSize                              = 8510242816                                {product} {ergonomic}
   size_t MinHeapDeltaBytes                        = 4194304                                   {product} {ergonomic}
   size_t MinHeapSize                              = 8388608                                   {product} {ergonomic}
    uintx NonNMethodCodeHeapSize                   = 7602480                                {pd product} {ergonomic}
    uintx NonProfiledCodeHeapSize                  = 122027880                              {pd product} {ergonomic}
    uintx ProfiledCodeHeapSize                     = 122027880                              {pd product} {ergonomic}
    uintx ReservedCodeCacheSize                    = 251658240                              {pd product} {ergonomic}
     bool SegmentedCodeCache                       = true                                      {product} {ergonomic}
   size_t SoftMaxHeapSize                          = 8510242816                             {manageable} {ergonomic}
     bool UseCompressedClassPointers               = true                           {product lp64_product} {ergonomic}
     bool UseCompressedOops                        = true                           {product lp64_product} {ergonomic}
     bool UseG1GC                                  = true                                      {product} {ergonomic}
     bool UseLargePagesIndividualAllocation        = false                                  {pd product} {ergonomic}

Logging:
Log output configuration:
 #0: stdout all=warning uptime,level,tags foldmultilines=false
 #1: stderr all=off uptime,level,tags foldmultilines=false

Environment Variables:
PATH=C:\app\Soporte\product\21c\dbhomeXE\bin;C:\Program Files\Microsoft\jdk-11.0.16.101-hotspot\bin;C:\Program Files\Common Files\Oracle\Java\javapath;C:\Windows\system32;C:\Windows;C:\Windows\System32\Wbem;C:\Windows\System32\WindowsPowerShell\v1.0\;C:\Windows\System32\OpenSSH\;C:\Program Files\dotnet\;C:\Program Files\Microsoft SQL Server\Client SDK\ODBC\170\Tools\Binn\;C:\Program Files (x86)\Microsoft SQL Server\150\Tools\Binn\;C:\Program Files\Microsoft SQL Server\150\Tools\Binn\;C:\Program Files\Microsoft SQL Server\150\DTS\Binn\;C:\Program Files (x86)\Microsoft SQL Server\150\DTS\Binn\;C:\Program Files\Azure Data Studio\bin;C:\Users\Alumno\AppData\Local\Programs\Python\Python312\Scripts\;C:\Users\Alumno\AppData\Local\Programs\Python\Python312\;C:\Users\Alumno\Scripts\;C:\Users\Alumno\;C:\Users\Alumno\AppData\Local\Programs\Python\Python311\Scripts\;C:\Users\Alumno\AppData\Local\Programs\Python\Python311\;C:\Users\Alumno\AppData\Local\Microsoft\WindowsApps;C:\Users\Alumno\AppData\Local\Programs\Microsoft VS Code\bin;C:\Users\Alumno\AppData\Local\Programs\Git\cmd
USERNAME=Alumno
OS=Windows_NT
PROCESSOR_IDENTIFIER=Intel64 Family 6 Model 151 Stepping 2, GenuineIntel
TMP=C:\Users\Alumno\AppData\Local\Temp
TEMP=C:\Users\Alumno\AppData\Local\Temp




---------------  S Y S T E M  ---------------

OS:
 Windows 10 , 64 bit Build 19041 (10.0.19041.1889)
OS uptime: 1 days 23:33 hours

CPU: total 20 (initial active 20) (10 cores per cpu, 2 threads per core) family 6 model 151 stepping 2 microcode 0x1e, cx8, cmov, fxsr, ht, mmx, 3dnowpref, sse, sse2, sse3, ssse3, sse4.1, sse4.2, popcnt, lzcnt, tsc, tscinvbit, avx, avx2, aes, erms, clmul, bmi1, bmi2, adx, sha, fma, vzeroupper, clflush, clflushopt, clwb, serialize, rdtscp, rdpid, fsrm, f16c, pku, cet_ibt, cet_ss

Memory: 4k page, system-wide physical 32456M (813M free)
TotalPageFile size 130760M (AvailPageFile size 5M)
current process WorkingSet (physical memory assigned to process): 12M, peak: 12M
current process commit charge ("private bytes"): 24M, peak: 25M

vm_info: Java HotSpot(TM) 64-Bit Server VM (20+36-2344) for windows-amd64 JRE (20+36-2344), built on 2023-02-10T19:30:15Z by "mach5one" with MS VC++ 17.1 (VS2022)

END.
